"J:/Development/VN-Framework-UE4/Content/VN_Framework/ArtAssets/normal_blank.uasset" 0
"J:/Development/VN-Framework-UE4/Content/VN_Framework/ArtAssets/CGs/RichTextExample.uasset" 1
"J:/Development/VN-Framework-UE4/Content/VN_Framework/ArtAssets/CGs/RichTextExample2.uasset" 2
"../../Plugins/2D/Paper2D/Content/PlaceholderTextures/DummySpriteTexture.uasset" 3
"../../Plugins/2D/Paper2D/Content/DefaultSpriteMaterial.uasset" 4
"../../Plugins/2D/Paper2D/Content/TranslucentUnlitSpriteMaterial.uasset" 5
"J:/Development/VN-Framework-UE4/Content/VN_Framework/ArtAssets/Characters/Jessica/Pose1/MC_Head_angry.uasset" 6
"J:/Development/VN-Framework-UE4/Content/VN_Framework/ArtAssets/Characters/Jessica/Pose1/MC_Head_angry_Sprite.uasset" 7
"J:/Development/VN-Framework-UE4/Content/VN_Framework/ArtAssets/Characters/Jessica/Pose1/MC_Head_frown.uasset" 8
"J:/Development/VN-Framework-UE4/Content/VN_Framework/ArtAssets/Characters/Jessica/Pose1/MC_Head_frown_Sprite.uasset" 9
"J:/Development/VN-Framework-UE4/Content/VN_Framework/ArtAssets/Characters/Jessica/Pose1/MC_Head_sad.uasset" 10
"J:/Development/VN-Framework-UE4/Content/VN_Framework/ArtAssets/Characters/Jessica/Pose1/MC_Head_sad_Sprite.uasset" 11
"J:/Development/VN-Framework-UE4/Content/VN_Framework/ArtAssets/Characters/Jessica/Pose1/MC_Head_uncertain.uasset" 12
"J:/Development/VN-Framework-UE4/Content/VN_Framework/ArtAssets/Characters/Jessica/Pose1/MC_Head_uncertain_Sprite.uasset" 13
"J:/Development/VN-Framework-UE4/Content/VN_Framework/ArtAssets/Characters/Jessica/Pose2/MC_Head_angry_Sprite.uasset" 14
"J:/Development/VN-Framework-UE4/Content/VN_Framework/ArtAssets/Characters/Jessica/Pose2/MC_Head_frown_Sprite.uasset" 15
"J:/Development/VN-Framework-UE4/Content/VN_Framework/ArtAssets/Characters/Jessica/Pose1/MC_Head_mischief.uasset" 16
"J:/Development/VN-Framework-UE4/Content/VN_Framework/ArtAssets/Characters/Jessica/Pose2/MC_Head_mischief_Sprite.uasset" 17
"J:/Development/VN-Framework-UE4/Content/VN_Framework/ArtAssets/Characters/Jessica/Pose1/MC_Head_smile.uasset" 18
"J:/Development/VN-Framework-UE4/Content/VN_Framework/ArtAssets/Characters/Jessica/Pose2/MC_Head_smile2_Sprite.uasset" 19
"J:/Development/VN-Framework-UE4/Content/VN_Framework/ArtAssets/Characters/Jessica/Pose1/MC_Head_surprised.uasset" 20
"J:/Development/VN-Framework-UE4/Content/VN_Framework/ArtAssets/Characters/Jessica/Pose2/MC_Head_surprised_Sprite.uasset" 21
"../../Plugins/2D/Paper2D/Content/PlaceholderTextures/FlatNormalMap.uasset" 22
"../../Plugins/2D/Paper2D/Content/DefaultLitSpriteMaterial.uasset" 23
"J:/Development/VN-Framework-UE4/Content/VN_Framework/ArtAssets/Materials/MaskedLitSpriteMaterial.uasset" 24
"J:/Development/VN-Framework-UE4/Content/VN_Framework/ArtAssets/Materials/MaskedUnlitSpriteMaterial.uasset" 25
"J:/Development/VN-Framework-UE4/Content/VN_Framework/ArtAssets/Materials/MaterialColor.uasset" 26
"J:/Development/VN-Framework-UE4/Content/VN_Framework/ArtAssets/Materials/MaterialRed.uasset" 27
"J:/Development/VN-Framework-UE4/Content/VN_Framework/ArtAssets/Materials/TranslucentLitSpriteMaterial.uasset" 28
"J:/Development/VN-Framework-UE4/Content/VN_Framework/ArtAssets/UI/madeinstl.uasset" 29
"J:/Development/VN-Framework-UE4/Content/VN_Framework/ArtAssets/UI/name_box.uasset" 30
"J:/Development/VN-Framework-UE4/Content/VN_Framework/ArtAssets/UI/spr_text_bullets_checked.uasset" 31
"J:/Development/VN-Framework-UE4/Content/VN_Framework/ArtAssets/UI/text_box_glow.uasset" 32
"J:/Development/VN-Framework-UE4/Content/VN_Framework/ArtAssets/UI/throb.uasset" 33
"J:/Development/VN-Framework-UE4/Content/VN_Framework/ArtAssets/UI/Woodsy.uasset" 34
"J:/Development/VN-Framework-UE4/Content/VN_Framework/ArtAssets/UI/Menus/choice_button.uasset" 35
"J:/Development/VN-Framework-UE4/Content/VN_Framework/ArtAssets/UI/Menus/controllerButtonsSS.uasset" 36
"J:/Development/VN-Framework-UE4/Content/VN_Framework/ArtAssets/UI/Menus/controllerButtonsSS_A_5.uasset" 37
"J:/Development/VN-Framework-UE4/Content/VN_Framework/ArtAssets/UI/Menus/controllerButtonsSS_ControllerButton_17.uasset" 38
"J:/Development/VN-Framework-UE4/Content/VN_Framework/ArtAssets/UI/Menus/controllerButtonsSS_Options.uasset" 39
"J:/Development/VN-Framework-UE4/Content/VN_Framework/ArtAssets/UI/Menus/controllerButtonsSS_Sprite_1.uasset" 40
"J:/Development/VN-Framework-UE4/Content/VN_Framework/ArtAssets/UI/Menus/controllerButtonsSS_Square.uasset" 41
"J:/Development/VN-Framework-UE4/Content/VN_Framework/ArtAssets/UI/Menus/controllerButtonsSS_X.uasset" 42
"J:/Development/VN-Framework-UE4/Content/VN_Framework/ArtAssets/UI/Menus/ControllerTouchPad.uasset" 43
"J:/Development/VN-Framework-UE4/Content/VN_Framework/ArtAssets/UI/Menus/controllerViewSprite.uasset" 44
"J:/Development/VN-Framework-UE4/Content/VN_Framework/ArtAssets/UI/Menus/journal_menu_bg.uasset" 45
"../../../Engine/Content/EditorBlueprintResources/StandardMacros.uasset" 46
"J:/Development/VN-Framework-UE4/Content/VN_Framework/Blueprints/Cameras/MyCameraShake.uasset" 47
"J:/Development/VN-Framework-UE4/Content/VN_Framework/Blueprints/Cameras/MyCameraShake_inScene.uasset" 48
"J:/Development/VN-Framework-UE4/Content/VN_Framework/Blueprints/Cameras/ShakyCam.uasset" 49
"J:/Development/VN-Framework-UE4/Content/VN_Framework/ArtAssets/spr_blank.uasset" 50
"J:/Development/VN-Framework-UE4/Content/VN_Framework/ArtAssets/Materials/TranslucentUnlitSpriteMaterial.uasset" 51
"J:/Development/VN-Framework-UE4/Content/VN_Framework/ArtAssets/spr_blank_Sprite.uasset" 52
"J:/Development/VN-Framework-UE4/Content/VN_Framework/ArtAssets/UI/menu_bg4.uasset" 53
"J:/Development/VN-Framework-UE4/Content/VN_Framework/Gallery/GalleryCategory.uasset" 54
"J:/Development/VN-Framework-UE4/Content/VN_Framework/Gallery/ST_GalleryStruct.uasset" 55
"J:/Development/VN-Framework-UE4/Content/VN_Framework/Blueprints/Widgets/WD_CG.uasset" 56
"J:/Development/VN-Framework-UE4/Content/VN_Framework/Enums/Characters.uasset" 57
"J:/Development/VN-Framework-UE4/Content/VN_Framework/Enums/Expressions.uasset" 58
"J:/Development/VN-Framework-UE4/Content/VN_Framework/Enums/Poses.uasset" 59
"J:/Development/VN-Framework-UE4/Content/VN_Framework/Structures/ST_Character.uasset" 60
"J:/Development/VN-Framework-UE4/Content/VN_Framework/Structures/ST_LayerPadded.uasset" 61
"J:/Development/VN-Framework-UE4/Content/VN_Framework/Structures/ST_PoseData.uasset" 62
"J:/Development/VN-Framework-UE4/Content/VN_Framework/Structures/ST_PoseLayers.uasset" 63
"J:/Development/VN-Framework-UE4/Content/VN_Framework/Blueprints/Widgets/WD_CharWidget.uasset" 64
"J:/Development/VN-Framework-UE4/Content/VN_Framework/Structures/ST_ScriptLines.uasset" 65
"../../../Engine/Content/BasicShapes/BasicShapeMaterial.uasset" 66
"J:/Development/VN-Framework-UE4/Content/VN_Framework/Structures/ST_LayerOverwrites.uasset" 67
"../../../Engine/Content/Functions/Engine_MaterialFunctions01/Opacity/CameraDepthFade.uasset" 68
"../../../Engine/Content/EngineMaterials/T_Default_Material_Grid_M.uasset" 69
"../../../Engine/Content/EngineMaterials/T_Default_Material_Grid_N.uasset" 70
"../../../Engine/Content/EngineMaterials/WorldGridMaterial.uasset" 71
"../../../Engine/Content/BasicShapes/Cube.uasset" 72
"J:/Development/VN-Framework-UE4/Content/VN_Framework/ArtAssets/FB_blank.uasset" 73
"J:/Development/VN-Framework-UE4/Content/VN_Framework/Blueprints/ParentActor.uasset" 74
"../../../Engine/Content/EngineFonts/Faces/RobotoBold.uasset" 75
"../../../Engine/Content/EngineFonts/Faces/RobotoItalic.uasset" 76
"../../../Engine/Content/EngineFonts/Faces/RobotoRegular.uasset" 77
"J:/Development/VN-Framework-UE4/Content/VN_Framework/DefaultFont.uasset" 78
"J:/Development/VN-Framework-UE4/Content/VN_Framework/Structures/RichTextDT.uasset" 79
"J:/Development/VN-Framework-UE4/Content/VN_Framework/Blueprints/Widgets/SmallWidgets/WD_TextBlock.uasset" 80
"J:/Development/VN-Framework-UE4/Content/VN_Framework/ArtAssets/UI/GUI_border.uasset" 81
"J:/Development/VN-Framework-UE4/Content/VN_Framework/ArtAssets/UI/Menus/buttons_hovered.uasset" 82
"J:/Development/VN-Framework-UE4/Content/VN_Framework/ArtAssets/UI/text_box.uasset" 83
"J:/Development/VN-Framework-UE4/Content/VN_Framework/Structures/ST_Alphabet.uasset" 84
"J:/Development/VN-Framework-UE4/Content/VN_Framework/Blueprints/Widgets/WD_Dia.uasset" 85
"J:/Development/VN-Framework-UE4/Content/VN_Framework/Blueprints/Widgets/WD_NVL.uasset" 86
"J:/Development/VN-Framework-UE4/Content/VN_Framework/Blueprints/NVL_SceneTemp_BP.uasset" 87
"J:/Development/VN-Framework-UE4/Content/VN_Framework/Structures/ST_Scenes.uasset" 88
"J:/Development/VN-Framework-UE4/Content/VN_Framework/Blueprints/Touch-Click_BPs/InvisibleSceneStarter_BP.uasset" 89
"J:/Development/VN-Framework-UE4/Content/VN_Framework/Blueprints/SceneProcessor_BP.uasset" 90
"J:/Development/VN-Framework-UE4/Content/VN_Framework/Scenes/SceneDefault.uasset" 91
"J:/Development/VN-Framework-UE4/Content/VN_Framework/ArtAssets/UI/Menus/button_action.uasset" 92
"J:/Development/VN-Framework-UE4/Content/VN_Framework/ArtAssets/UI/Menus/button_action_hovered.uasset" 93
"J:/Development/VN-Framework-UE4/Content/VN_Framework/ArtAssets/UI/Menus/button_selected.uasset" 94
"J:/Development/VN-Framework-UE4/Content/VN_Framework/Blueprints/Widgets/GeneralButtons/WD_BasicButton.uasset" 95
"J:/Development/VN-Framework-UE4/Content/VN_Framework/ArtAssets/UI/Menus/Choice_button_yellow.uasset" 96
"J:/Development/VN-Framework-UE4/Content/VN_Framework/ArtAssets/UI/Menus/Choice_button_yellow_hovered.uasset" 97
"J:/Development/VN-Framework-UE4/Content/VN_Framework/ArtAssets/UI/Menus/choice_pointer.uasset" 98
"J:/Development/VN-Framework-UE4/Content/VN_Framework/Blueprints/Widgets/GeneralButtons/WD_ChoiceButton.uasset" 99
"J:/Development/VN-Framework-UE4/Content/VN_Framework/Structures/ST_Stats.uasset" 100
"J:/Development/VN-Framework-UE4/Content/VN_Framework/Blueprints/Widgets/WD_Choices.uasset" 101
"J:/Development/VN-Framework-UE4/Content/VN_Framework/ArtAssets/UI/Menus/controllerButtonsSS_Y_0.uasset" 102
"J:/Development/VN-Framework-UE4/Content/VN_Framework/Blueprints/Widgets/WD_ControllerPrompt.uasset" 103
"J:/Development/VN-Framework-UE4/Content/VN_Framework/Blueprints/Widgets/WD_MenuParent.uasset" 104
"J:/Development/VN-Framework-UE4/Content/VN_Framework/ArtAssets/UI/menu_bg.uasset" 105
"J:/Development/VN-Framework-UE4/Content/VN_Framework/ArtAssets/UI/Menus/controllerButtonSprite_15.uasset" 106
"J:/Development/VN-Framework-UE4/Content/VN_Framework/ArtAssets/UI/Menus/controllerButtonsSS_ControllerButton_10.uasset" 107
"J:/Development/VN-Framework-UE4/Content/VN_Framework/ArtAssets/UI/Menus/controllerButtonsSS_ControllerButton_11.uasset" 108
"J:/Development/VN-Framework-UE4/Content/VN_Framework/ArtAssets/UI/Menus/controllerButtonsSS_L1.uasset" 109
"J:/Development/VN-Framework-UE4/Content/VN_Framework/ArtAssets/UI/Menus/menu_top_buttons_1.uasset" 110
"J:/Development/VN-Framework-UE4/Content/VN_Framework/ArtAssets/UI/Menus/menu_top_buttons_2.uasset" 111
"J:/Development/VN-Framework-UE4/Content/VN_Framework/ArtAssets/UI/Menus/menu_top_buttons_3.uasset" 112
"J:/Development/VN-Framework-UE4/Content/VN_Framework/Blueprints/Widgets/GeneralButtons/WD_TopButton.uasset" 113
"J:/Development/VN-Framework-UE4/Content/VN_Framework/ArtAssets/UI/ControlsPage.uasset" 114
"J:/Development/VN-Framework-UE4/Content/VN_Framework/ArtAssets/UI/ControlsPagePS4.uasset" 115
"J:/Development/VN-Framework-UE4/Content/VN_Framework/ArtAssets/UI/ControlsPageXbox.uasset" 116
"J:/Development/VN-Framework-UE4/Content/VN_Framework/Blueprints/Widgets/WD_Controls.uasset" 117
"J:/Development/VN-Framework-UE4/Content/VN_Framework/Blueprints/Save/ConfigSave_BP.uasset" 118
"J:/Development/VN-Framework-UE4/Content/VN_Framework/AudioMixAndClass/MusicClass.uasset" 119
"J:/Development/VN-Framework-UE4/Content/VN_Framework/AudioMixAndClass/MusicMix.uasset" 120
"J:/Development/VN-Framework-UE4/Content/VN_Framework/AudioMixAndClass/SfxClass.uasset" 121
"J:/Development/VN-Framework-UE4/Content/VN_Framework/AudioMixAndClass/SfxMix.uasset" 122
"J:/Development/VN-Framework-UE4/Content/VN_Framework/AudioMixAndClass/VA_NarrationClass.uasset" 123
"J:/Development/VN-Framework-UE4/Content/VN_Framework/AudioMixAndClass/VAClass.uasset" 124
"J:/Development/VN-Framework-UE4/Content/VN_Framework/AudioMixAndClass/VoiceMix.uasset" 125
"J:/Development/VN-Framework-UE4/Content/VN_Framework/ArtAssets/UI/Menus/Border.uasset" 126
"J:/Development/VN-Framework-UE4/Content/VN_Framework/ArtAssets/UI/Menus/Checkbox.uasset" 127
"J:/Development/VN-Framework-UE4/Content/VN_Framework/ArtAssets/UI/Menus/checkmark.uasset" 128
"J:/Development/VN-Framework-UE4/Content/VN_Framework/Blueprints/Widgets/OptionsButtons/WD_CheckboxButton.uasset" 129
"J:/Development/VN-Framework-UE4/Content/VN_Framework/Blueprints/Widgets/OptionsButtons/WD_ComboBoxButton.uasset" 130
"J:/Development/VN-Framework-UE4/Content/VN_Framework/ArtAssets/UI/Menus/controllerButtonsSS_L2.uasset" 131
"J:/Development/VN-Framework-UE4/Content/VN_Framework/ArtAssets/UI/Menus/controllerButtonsSS_LT.uasset" 132
"J:/Development/VN-Framework-UE4/Content/VN_Framework/ArtAssets/UI/Menus/controllerButtonsSS_R2.uasset" 133
"J:/Development/VN-Framework-UE4/Content/VN_Framework/ArtAssets/UI/Menus/controllerButtonsSS_RT.uasset" 134
"J:/Development/VN-Framework-UE4/Content/VN_Framework/ArtAssets/UI/sliderHandle.uasset" 135
"J:/Development/VN-Framework-UE4/Content/VN_Framework/Blueprints/Widgets/OptionsButtons/WD_SliderButtons.uasset" 136
"J:/Development/VN-Framework-UE4/Content/VN_Framework/Blueprints/Widgets/OptionsButtons/WD_Slider_Int.uasset" 137
"J:/Development/VN-Framework-UE4/Content/VN_Framework/Blueprints/Widgets/WD_ResTimer.uasset" 138
"J:/Development/VN-Framework-UE4/Content/VN_Framework/Blueprints/Widgets/WD_GameOptions.uasset" 139
"J:/Development/VN-Framework-UE4/Content/VN_Framework/Blueprints/Save/SaveGame_List.uasset" 140
"J:/Development/VN-Framework-UE4/Content/VN_Framework/ArtAssets/UI/MM_bg_0.uasset" 141
"J:/Development/VN-Framework-UE4/Content/VN_Framework/ArtAssets/UI/MM_bg_title.uasset" 142
"J:/Development/VN-Framework-UE4/Content/VN_Framework/Blueprints/Widgets/WD_About.uasset" 143
"J:/Development/VN-Framework-UE4/Content/VN_Framework/Blueprints/Save/PersistentData.uasset" 144
"J:/Development/VN-Framework-UE4/Content/VN_Framework/ArtAssets/CGs/BranchBookmarks.uasset" 145
"J:/Development/VN-Framework-UE4/Content/VN_Framework/ArtAssets/CGs/BranchBookmarks_Sprite_0.uasset" 146
"J:/Development/VN-Framework-UE4/Content/VN_Framework/ArtAssets/CGs/CharLayers.uasset" 147
"J:/Development/VN-Framework-UE4/Content/VN_Framework/ArtAssets/CGs/CharLayers_Sprite_0.uasset" 148
"J:/Development/VN-Framework-UE4/Content/VN_Framework/ArtAssets/CGs/CharList.uasset" 149
"J:/Development/VN-Framework-UE4/Content/VN_Framework/ArtAssets/CGs/CharList_Sprite_0.uasset" 150
"J:/Development/VN-Framework-UE4/Content/VN_Framework/ArtAssets/CGs/ChoiceCode.uasset" 151
"J:/Development/VN-Framework-UE4/Content/VN_Framework/ArtAssets/CGs/ChoiceCode_Sprite_0.uasset" 152
"J:/Development/VN-Framework-UE4/Content/VN_Framework/ArtAssets/CGs/Conditions.uasset" 153
"J:/Development/VN-Framework-UE4/Content/VN_Framework/ArtAssets/CGs/Conditions_Sprite_0.uasset" 154
"J:/Development/VN-Framework-UE4/Content/VN_Framework/ArtAssets/CGs/FunctionOverride.uasset" 155
"J:/Development/VN-Framework-UE4/Content/VN_Framework/ArtAssets/CGs/FunctionOverride_Sprite_0.uasset" 156
"J:/Development/VN-Framework-UE4/Content/VN_Framework/ArtAssets/CGs/LayerDT.uasset" 157
"J:/Development/VN-Framework-UE4/Content/VN_Framework/ArtAssets/CGs/LayerDT_Sprite_0.uasset" 158
"J:/Development/VN-Framework-UE4/Content/VN_Framework/ArtAssets/CGs/Levels.uasset" 159
"J:/Development/VN-Framework-UE4/Content/VN_Framework/ArtAssets/CGs/Levels_Sprite_0.uasset" 160
"J:/Development/VN-Framework-UE4/Content/VN_Framework/ArtAssets/CGs/LocalScenes.uasset" 161
"J:/Development/VN-Framework-UE4/Content/VN_Framework/ArtAssets/CGs/LocalScenes_Sprite_0.uasset" 162
"J:/Development/VN-Framework-UE4/Content/VN_Framework/ArtAssets/CGs/MasterCharDT.uasset" 163
"J:/Development/VN-Framework-UE4/Content/VN_Framework/ArtAssets/CGs/MasterCharDT_Sprite_0.uasset" 164
"J:/Development/VN-Framework-UE4/Content/VN_Framework/ArtAssets/CGs/NextLevel.uasset" 165
"J:/Development/VN-Framework-UE4/Content/VN_Framework/ArtAssets/CGs/NextLevel_Sprite_0.uasset" 166
"J:/Development/VN-Framework-UE4/Content/VN_Framework/ArtAssets/CGs/PoseDT.uasset" 167
"J:/Development/VN-Framework-UE4/Content/VN_Framework/ArtAssets/CGs/PoseDT_Sprite_0.uasset" 168
"J:/Development/VN-Framework-UE4/Content/VN_Framework/ArtAssets/CGs/RichTextExample2_Sprite_0.uasset" 169
"J:/Development/VN-Framework-UE4/Content/VN_Framework/ArtAssets/CGs/RichTextExample_Sprite_0.uasset" 170
"J:/Development/VN-Framework-UE4/Content/VN_Framework/ArtAssets/CGs/SceneDT.uasset" 171
"J:/Development/VN-Framework-UE4/Content/VN_Framework/ArtAssets/CGs/SceneDT_Sprite_0.uasset" 172
"J:/Development/VN-Framework-UE4/Content/VN_Framework/ArtAssets/CGs/SceneLaunch1.uasset" 173
"J:/Development/VN-Framework-UE4/Content/VN_Framework/ArtAssets/CGs/SceneLaunch1_Sprite_0.uasset" 174
"J:/Development/VN-Framework-UE4/Content/VN_Framework/ArtAssets/CGs/SceneList.uasset" 175
"J:/Development/VN-Framework-UE4/Content/VN_Framework/ArtAssets/CGs/SceneList_Sprite_0.uasset" 176
"J:/Development/VN-Framework-UE4/Content/VN_Framework/ArtAssets/CGs/Touch-click.uasset" 177
"J:/Development/VN-Framework-UE4/Content/VN_Framework/ArtAssets/CGs/Touch-click_Sprite_0.uasset" 178
"J:/Development/VN-Framework-UE4/Content/VN_Framework/Gallery/GalleryListDT.uasset" 179
"J:/Development/VN-Framework-UE4/Content/VN_Framework/Blueprints/Widgets/WD_GridSystem.uasset" 180
"J:/Development/VN-Framework-UE4/Content/VN_Framework/ArtAssets/UI/arrow_right.uasset" 181
"J:/Development/VN-Framework-UE4/Content/VN_Framework/ArtAssets/UI/arrow_right_hovered.uasset" 182
"J:/Development/VN-Framework-UE4/Content/VN_Framework/ArtAssets/UI/CardPieces/inner_backdrop.uasset" 183
"J:/Development/VN-Framework-UE4/Content/VN_Framework/ArtAssets/UI/CardPieces/outer_hover_frame.uasset" 184
"J:/Development/VN-Framework-UE4/Content/VN_Framework/ArtAssets/UI/CardPieces/topic_locked.uasset" 185
"J:/Development/VN-Framework-UE4/Content/VN_Framework/ArtAssets/UI/Menus/whiteBlock.uasset" 186
"J:/Development/VN-Framework-UE4/Content/VN_Framework/Gallery/WD_GalleryCard.uasset" 187
"J:/Development/VN-Framework-UE4/Content/VN_Framework/Gallery/WD_Gallery.uasset" 188
"J:/Development/VN-Framework-UE4/Content/VN_Framework/Blueprints/Widgets/WD_Extras.uasset" 189
"J:/Development/VN-Framework-UE4/Content/VN_Framework/Structures/ST_Colors.uasset" 190
"J:/Development/VN-Framework-UE4/Content/VN_Framework/Structures/DT_Colors.uasset" 191
"J:/Development/VN-Framework-UE4/Content/VN_Framework/Blueprints/Widgets/WD_Fade_Widget.uasset" 192
"J:/Development/VN-Framework-UE4/Content/VN_Framework/ArtAssets/UI/Menus/controllerButtonsSS_Triangle_4.uasset" 193
"J:/Development/VN-Framework-UE4/Content/VN_Framework/Blueprints/Widgets/WD_SaveMenu.uasset" 194
"J:/Development/VN-Framework-UE4/Content/VN_Framework/Blueprints/Widgets/WD_Main_Menu.uasset" 195
"J:/Development/VN-Framework-UE4/Content/VN_Framework/Blueprints/Widgets/WD_LargeMenuParent.uasset" 196
"J:/Development/VN-Framework-UE4/Content/VN_Framework/Blueprints/Widgets/WD_AreYouSure.uasset" 197
"J:/Development/VN-Framework-UE4/Content/VN_Framework/Blueprints/Widgets/WD_TravelConfirm.uasset" 198
"J:/Development/VN-Framework-UE4/Content/VN_Framework/Blueprints/Touch-Click_BPs/TouchClickActor_BP.uasset" 199
"J:/Development/VN-Framework-UE4/Content/VN_Framework/Blueprints/Loading_BP.uasset" 200
"J:/Development/VN-Framework-UE4/Content/VN_Framework/ArtAssets/UI/bullettransition.uasset" 201
"J:/Development/VN-Framework-UE4/Content/VN_Framework/ArtAssets/UI/bullettransition_Sprite.uasset" 202
"J:/Development/VN-Framework-UE4/Content/VN_Framework/ArtAssets/UI/bullettransition_Sprite2.uasset" 203
"J:/Development/VN-Framework-UE4/Content/VN_Framework/Blueprints/Widgets/WD_Bullettransition.uasset" 204
"J:/Development/VN-Framework-UE4/Content/VN_Framework/ArtAssets/UI/choice1.uasset" 205
"J:/Development/VN-Framework-UE4/Content/VN_Framework/Blueprints/Widgets/WD_Choice_Splash.uasset" 206
"J:/Development/VN-Framework-UE4/Content/VN_Framework/Blueprints/Widgets/WD_Flash.uasset" 207
"J:/Development/VN-Framework-UE4/Content/VN_Framework/Blueprints/Widgets/WD_Run.uasset" 208
"J:/Development/VN-Framework-UE4/Content/VN_Framework/Structures/ST_Nickname.uasset" 209
"J:/Development/VN-Framework-UE4/Content/VN_Framework/Structures/St_SceneChoices.uasset" 210
"J:/Development/VN-Framework-UE4/Content/VN_Framework/Blueprints/SceneTemplate_BP.uasset" 211
"J:/Development/VN-Framework-UE4/Content/VN_Framework/Blueprints/Interfaces/BPI_SceneTriggers.uasset" 212
"J:/Development/VN-Framework-UE4/Content/VN_Framework/Blueprints/Widgets/WD_Log.uasset" 213
"J:/Development/VN-Framework-UE4/Content/VN_Framework/Blueprints/WidgetController.uasset" 214
"J:/Development/VN-Framework-UE4/Content/VN_Framework/Blueprints/Interfaces/BPI_Modes.uasset" 215
"J:/Development/VN-Framework-UE4/Content/VN_Framework/ArtAssets/UI/Menus/controllerButtonsSS_A_3.uasset" 216
"J:/Development/VN-Framework-UE4/Content/VN_Framework/ArtAssets/UI/Menus/controllerButtonsSS_ControllerButton_7.uasset" 217
"J:/Development/VN-Framework-UE4/Content/VN_Framework/ArtAssets/UI/Menus/mouse_click.uasset" 218
"J:/Development/VN-Framework-UE4/Content/VN_Framework/ArtAssets/UI/Menus/mouse_click_Sprite.uasset" 219
"J:/Development/VN-Framework-UE4/Content/VN_Framework/ArtAssets/UI/Menus/MovementControls.uasset" 220
"J:/Development/VN-Framework-UE4/Content/VN_Framework/ArtAssets/UI/Menus/MovementControls_Sprite.uasset" 221
"J:/Development/VN-Framework-UE4/Content/VN_Framework/ArtAssets/UI/Menus/MovementKeyboard.uasset" 222
"J:/Development/VN-Framework-UE4/Content/VN_Framework/ArtAssets/UI/Menus/MovementKeyboard_Sprite.uasset" 223
"J:/Development/VN-Framework-UE4/Content/VN_Framework/Blueprints/Widgets/WD_PlayerHUD.uasset" 224
"J:/Development/VN-Framework-UE4/Content/VN_Framework/Blueprints/BP_3D_Interactive.uasset" 225
"J:/Development/VN-Framework-UE4/Content/VN_Framework/Structures/ST_Interactable.uasset" 226
"J:/Development/VN-Framework-UE4/Content/VN_Framework/Blueprints/VN_FirstPersonCharacter.uasset" 227
"J:/Development/VN-Framework-UE4/Content/VN_Framework/Blueprints/Interfaces/BPI_CamTriggers.uasset" 228
"J:/Development/VN-Framework-UE4/Content/VN_Framework/Blueprints/Save/SaveGame_BP.uasset" 229
"J:/Development/VN-Framework-UE4/Content/VN_Framework/Structures/DT_Alphabet.uasset" 230
"J:/Development/VN-Framework-UE4/Content/VN_Framework/Structures/DT_TestLetter.uasset" 231
"J:/Development/VN-Framework-UE4/Content/VN_Framework/Enums/Transitions.uasset" 232
"J:/Development/VN-Framework-UE4/Content/VN_Framework/Blueprints/Global_BP.uasset" 233
"J:/Development/VN-Framework-UE4/Content/VN_Framework/Blueprints/Cameras/MainCamera.uasset" 234
"J:/Development/VN-Framework-UE4/Content/VN_Framework/Blueprints/Cameras/Camera2.uasset" 235
"J:/Development/VN-Framework-UE4/Content/VN_Framework/Blueprints/Cameras/Camera4.uasset" 236
"J:/Development/VN-Framework-UE4/Content/VN_Framework/Blueprints/Cameras/Camera5.uasset" 237
"J:/Development/VN-Framework-UE4/Content/VN_Framework/Blueprints/Cameras/Camera6.uasset" 238
"J:/Development/VN-Framework-UE4/Content/VN_Framework/Blueprints/Cameras/Camera7.uasset" 239
"J:/Development/VN-Framework-UE4/Content/VN_Framework/Blueprints/Interfaces/BPI_ShakyCam.uasset" 240
"J:/Development/VN-Framework-UE4/Content/VN_Framework/Blueprints/Widgets/SmallWidgets/WD_ControllerPrompt.uasset" 241
"J:/Development/VN-Framework-UE4/Content/VN_Framework/ArtAssets/Characters/Jessica/Pose1/MC_Head_happy.uasset" 242
"J:/Development/VN-Framework-UE4/Content/VN_Framework/ArtAssets/Characters/Jessica/Pose1/MC_Head_happy_Sprite_0.uasset" 243
"J:/Development/VN-Framework-UE4/Content/VN_Framework/ArtAssets/Characters/Jessica/Pose1/MC_Head_mischief_Sprite.uasset" 244
"J:/Development/VN-Framework-UE4/Content/VN_Framework/ArtAssets/Characters/Jessica/Pose1/MC_Head_smile_Sprite.uasset" 245
"J:/Development/VN-Framework-UE4/Content/VN_Framework/ArtAssets/Characters/Jessica/Pose1/MC_Head_surprised_Sprite.uasset" 246
"J:/Development/VN-Framework-UE4/Content/VN_Framework/ArtAssets/Characters/Jessica/Pose2/MC_blink1_angry.uasset" 247
"J:/Development/VN-Framework-UE4/Content/VN_Framework/ArtAssets/Characters/Jessica/Pose2/MC_blink1_angry_pose2.uasset" 248
"J:/Development/VN-Framework-UE4/Content/VN_Framework/ArtAssets/Characters/Jessica/Pose2/MC_blink2_angry.uasset" 249
"J:/Development/VN-Framework-UE4/Content/VN_Framework/ArtAssets/Characters/Jessica/Pose2/MC_blink2_angry_pose2.uasset" 250
"J:/Development/VN-Framework-UE4/Content/VN_Framework/ArtAssets/Characters/Jessica/Pose2/FB_MC_blink1_angry_pose2.uasset" 251
"J:/Development/VN-Framework-UE4/Content/VN_Framework/ArtAssets/Characters/Jessica/Pose2/MC_Head_angry2_Sprite.uasset" 252
"J:/Development/VN-Framework-UE4/Content/VN_Framework/ArtAssets/Characters/Jessica/Pose2/MC_Head_sad_Sprite.uasset" 253
"J:/Development/VN-Framework-UE4/Content/VN_Framework/ArtAssets/Characters/Jessica/Pose2/MC_Head_uncertain_Sprite.uasset" 254
"J:/Development/VN-Framework-UE4/Content/VN_Framework/CharData/Jessica_DTs/DT_Jess_Cost0.uasset" 255
"J:/Development/VN-Framework-UE4/Content/VN_Framework/ArtAssets/Characters/Jessica/Pose1/MC_Hair_front2.uasset" 256
"J:/Development/VN-Framework-UE4/Content/VN_Framework/ArtAssets/Characters/Jessica/Pose1/MC_Hair_front2_Sprite.uasset" 257
"J:/Development/VN-Framework-UE4/Content/VN_Framework/ArtAssets/Characters/Jessica/Pose2/MC_Hair_front2_pose2.uasset" 258
"J:/Development/VN-Framework-UE4/Content/VN_Framework/CharData/Jessica_DTs/DT_JessHairPoses_2.uasset" 259
"J:/Development/VN-Framework-UE4/Content/VN_Framework/ArtAssets/Characters/Jessica/Pose1/MC_Clothes2.uasset" 260
"J:/Development/VN-Framework-UE4/Content/VN_Framework/ArtAssets/Characters/Jessica/Pose1/MC_Clothes2_Sprite.uasset" 261
"J:/Development/VN-Framework-UE4/Content/VN_Framework/ArtAssets/Characters/Jessica/Pose2/MC_Clothes2_pose2.uasset" 262
"J:/Development/VN-Framework-UE4/Content/VN_Framework/ArtAssets/Characters/Jessica/Pose2/MC_Clothes2_pose2_Sprite_0.uasset" 263
"J:/Development/VN-Framework-UE4/Content/VN_Framework/CharData/Jessica_DTs/DT_JessPoses_1.uasset" 264
"J:/Development/VN-Framework-UE4/Content/VN_Framework/CharData/Jessica_DTs/DT_Jess_CostOW.uasset" 265
"J:/Development/VN-Framework-UE4/Content/VN_Framework/ArtAssets/Characters/Jessica/Pose1/MC_blink1.uasset" 266
"J:/Development/VN-Framework-UE4/Content/VN_Framework/ArtAssets/Characters/Jessica/Pose1/MC_blink1_Sprite.uasset" 267
"J:/Development/VN-Framework-UE4/Content/VN_Framework/ArtAssets/Characters/Jessica/Pose1/MC_blink2.uasset" 268
"J:/Development/VN-Framework-UE4/Content/VN_Framework/ArtAssets/Characters/Jessica/Pose1/MC_blink2_Sprite.uasset" 269
"J:/Development/VN-Framework-UE4/Content/VN_Framework/ArtAssets/Characters/Jessica/Pose1/FB_MC_blink.uasset" 270
"J:/Development/VN-Framework-UE4/Content/VN_Framework/ArtAssets/Characters/Jessica/Pose1/MC_mouth1.uasset" 271
"J:/Development/VN-Framework-UE4/Content/VN_Framework/ArtAssets/Characters/Jessica/Pose1/MC_mouth1_Sprite.uasset" 272
"J:/Development/VN-Framework-UE4/Content/VN_Framework/ArtAssets/Characters/Jessica/Pose1/MC_mouth2.uasset" 273
"J:/Development/VN-Framework-UE4/Content/VN_Framework/ArtAssets/Characters/Jessica/Pose1/MC_mouth2_Sprite.uasset" 274
"J:/Development/VN-Framework-UE4/Content/VN_Framework/ArtAssets/Characters/Jessica/Pose1/MC_mouth3.uasset" 275
"J:/Development/VN-Framework-UE4/Content/VN_Framework/ArtAssets/Characters/Jessica/Pose1/MC_mouth3_Sprite.uasset" 276
"J:/Development/VN-Framework-UE4/Content/VN_Framework/ArtAssets/Characters/Jessica/Pose1/FB_MC_mouth.uasset" 277
"J:/Development/VN-Framework-UE4/Content/VN_Framework/ArtAssets/Characters/Jessica/Pose1/MC_body.uasset" 278
"J:/Development/VN-Framework-UE4/Content/VN_Framework/ArtAssets/Characters/Jessica/Pose1/MC_body_Sprite.uasset" 279
"J:/Development/VN-Framework-UE4/Content/VN_Framework/ArtAssets/Characters/Jessica/Pose1/MC_Clothes.uasset" 280
"J:/Development/VN-Framework-UE4/Content/VN_Framework/ArtAssets/Characters/Jessica/Pose1/MC_Clothes_Sprite.uasset" 281
"J:/Development/VN-Framework-UE4/Content/VN_Framework/ArtAssets/Characters/Jessica/Pose1/MC_Hair_back.uasset" 282
"J:/Development/VN-Framework-UE4/Content/VN_Framework/ArtAssets/Characters/Jessica/Pose1/MC_Hair_back_Sprite.uasset" 283
"J:/Development/VN-Framework-UE4/Content/VN_Framework/ArtAssets/Characters/Jessica/Pose1/MC_Hair_front.uasset" 284
"J:/Development/VN-Framework-UE4/Content/VN_Framework/ArtAssets/Characters/Jessica/Pose1/MC_Hair_front_Sprite.uasset" 285
"J:/Development/VN-Framework-UE4/Content/VN_Framework/ArtAssets/Characters/Jessica/Pose1/MC_Head.uasset" 286
"J:/Development/VN-Framework-UE4/Content/VN_Framework/ArtAssets/Characters/Jessica/Pose1/MC_Head_Sprite.uasset" 287
"J:/Development/VN-Framework-UE4/Content/VN_Framework/ArtAssets/Characters/Jessica/Pose2/MC_blink_pose2_1.uasset" 288
"J:/Development/VN-Framework-UE4/Content/VN_Framework/ArtAssets/Characters/Jessica/Pose2/MC_blink_pose2_2.uasset" 289
"J:/Development/VN-Framework-UE4/Content/VN_Framework/ArtAssets/Characters/Jessica/Pose2/FB_MC_blink.uasset" 290
"J:/Development/VN-Framework-UE4/Content/VN_Framework/ArtAssets/Characters/Jessica/Pose2/MC_mouth1_Sprite.uasset" 291
"J:/Development/VN-Framework-UE4/Content/VN_Framework/ArtAssets/Characters/Jessica/Pose2/MC_mouth2_Sprite.uasset" 292
"J:/Development/VN-Framework-UE4/Content/VN_Framework/ArtAssets/Characters/Jessica/Pose2/MC_mouth3_Sprite.uasset" 293
"J:/Development/VN-Framework-UE4/Content/VN_Framework/ArtAssets/Characters/Jessica/Pose2/FB_MC_mouth.uasset" 294
"J:/Development/VN-Framework-UE4/Content/VN_Framework/ArtAssets/Characters/Jessica/Pose2/MC_body_pose2.uasset" 295
"J:/Development/VN-Framework-UE4/Content/VN_Framework/ArtAssets/Characters/Jessica/Pose2/MC_body_pose2_Sprite_0.uasset" 296
"J:/Development/VN-Framework-UE4/Content/VN_Framework/ArtAssets/Characters/Jessica/Pose2/MC_Clothes_pose2.uasset" 297
"J:/Development/VN-Framework-UE4/Content/VN_Framework/ArtAssets/Characters/Jessica/Pose2/MC_Clothes_pose2_Sprite_0.uasset" 298
"J:/Development/VN-Framework-UE4/Content/VN_Framework/ArtAssets/Characters/Jessica/Pose2/MC_Hair_back2_Sprite.uasset" 299
"J:/Development/VN-Framework-UE4/Content/VN_Framework/ArtAssets/Characters/Jessica/Pose2/MC_Hair_front_pose2.uasset" 300
"J:/Development/VN-Framework-UE4/Content/VN_Framework/ArtAssets/Characters/Jessica/Pose2/MC_Head_Sprite.uasset" 301
"J:/Development/VN-Framework-UE4/Content/VN_Framework/CharData/Jessica_DTs/DT_JessPoses_0.uasset" 302
"J:/Development/VN-Framework-UE4/Content/VN_Framework/CharData/CharacterDT.uasset" 303
"J:/Development/VN-Framework-UE4/Content/VN_Framework/CharData/Jessica_DTs/DT_Jess_Cost1.uasset" 304
"J:/Development/VN-Framework-UE4/Content/VN_Framework/CharData/Jessica_DTs/DT_Jess_Hair1.uasset" 305
"J:/Development/VN-Framework-UE4/Content/VN_Framework/Scenes/Scene1_Intro.uasset" 306
"J:/Development/VN-Framework-UE4/Content/VN_Framework/Scenes/Scene2.uasset" 307
"J:/Development/VN-Framework-UE4/Content/VN_Framework/Scenes/Scene2_Check-In.uasset" 308
"J:/Development/VN-Framework-UE4/Content/VN_Framework/Scenes/Scene_All2D.uasset" 309
"J:/Development/VN-Framework-UE4/Content/VN_Framework/Scenes/Scene_Branching.uasset" 310
"J:/Development/VN-Framework-UE4/Content/VN_Framework/Scenes/Scene_CharCreate.uasset" 311
"J:/Development/VN-Framework-UE4/Content/VN_Framework/Scenes/Scene_Cycling.uasset" 312
"J:/Development/VN-Framework-UE4/Content/VN_Framework/Scenes/Scene_Levels.uasset" 313
"J:/Development/VN-Framework-UE4/Content/VN_Framework/Scenes/Scene_NVL.uasset" 314
"J:/Development/VN-Framework-UE4/Content/VN_Framework/Scenes/Scene_RichText.uasset" 315
"J:/Development/VN-Framework-UE4/Content/VN_Framework/Scenes/Scene_SceneCreate.uasset" 316
"J:/Development/VN-Framework-UE4/Content/VN_Framework/Scenes/Scene_SceneDTs.uasset" 317
"J:/Development/VN-Framework-UE4/Content/VN_Framework/Scenes/Scene_SceneLaunch.uasset" 318
"J:/Development/VN-Framework-UE4/Content/VN_Framework/Scenes/Scene_SFX.uasset" 319
"J:/Development/VN-Framework-UE4/Content/VN_Framework/Scenes/SceneMap2.uasset" 320
"J:/Development/VN-Framework-UE4/Content/VN_Framework/Scenes/DT_MainScenes.uasset" 321
"J:/Development/VN-Framework-UE4/Content/VN_Framework/Scenes/DT_UniversalScenes.uasset" 322
"J:/Development/VN-Framework-UE4/Content/VN_Framework/Structures/ST_LineSize.uasset" 323
"../../../Engine/Content/Animation/DefaultAnimCurveCompressionSettings.uasset" 324
"../../../Engine/Content/ArtTools/RenderToTexture/Meshes/S_1_Unit_Plane.uasset" 325
"../../../Engine/Content/EngineMaterials/DefaultMaterial.uasset" 326
"../../../Engine/Content/BasicShapes/Cone.uasset" 327
"../../../Engine/Content/BasicShapes/Cylinder.uasset" 328
"../../../Engine/Content/BasicShapes/Plane.uasset" 329
"../../../Engine/Content/BasicShapes/Sphere.uasset" 330
"../../../Engine/Content/EditorLandscapeResources/DataLayer.uasset" 331
"../../../Engine/Content/EditorMaterials/MAT_Groups_Toggle.uasset" 332
"../../../Engine/Content/EditorMaterials/MAT_Groups_Visibility.uasset" 333
"../../../Engine/Content/EditorMaterials/PreviewShadowIndicator.uasset" 334
"../../../Engine/Content/EditorMaterials/PreviewShadowIndicatorMaterial.uasset" 335
"../../../Engine/Content/EditorMaterials/MatineeGroups/MAT_ColorTrack.uasset" 336
"../../../Engine/Content/EditorMaterials/MatineeGroups/MAT_Groups_Anim.uasset" 337
"../../../Engine/Content/EditorMaterials/MatineeGroups/MAT_Groups_AudioMaster.uasset" 338
"../../../Engine/Content/EditorMaterials/MatineeGroups/MAT_Groups_Director.uasset" 339
"../../../Engine/Content/EditorMaterials/MatineeGroups/MAT_Groups_Event.uasset" 340
"../../../Engine/Content/EditorMaterials/MatineeGroups/MAT_Groups_Fade.uasset" 341
"../../../Engine/Content/EditorMaterials/MatineeGroups/MAT_Groups_Float.uasset" 342
"../../../Engine/Content/EditorMaterials/MatineeGroups/MAT_Groups_Move.uasset" 343
"../../../Engine/Content/EditorMaterials/MatineeGroups/MAT_Groups_Slomo.uasset" 344
"../../../Engine/Content/EditorMaterials/MatineeGroups/MAT_Groups_Sound.uasset" 345
"../../../Engine/Content/EditorMaterials/MatineeGroups/MAT_Groups_Vector.uasset" 346
"../../../Engine/Content/EditorMaterials/ParticleSystems/PSysThumbnail_NoImage.uasset" 347
"../../../Engine/Content/EditorMaterials/ParticleSystems/PSysThumbnail_OOD.uasset" 348
"../../../Engine/Content/EditorMaterials/Camera/CineMat.uasset" 349
"../../../Engine/Content/EditorMaterials/Camera/MI_CineMat_Rig.uasset" 350
"../../../Engine/Content/EditorMeshes/Camera/SM_CraneRig_Arm.uasset" 351
"../../../Engine/Content/EditorMeshes/Camera/SM_CraneRig_Base.uasset" 352
"../../../Engine/Content/EditorMeshes/Camera/SM_CraneRig_Body.uasset" 353
"../../../Engine/Content/EditorMeshes/Camera/SM_CraneRig_Mount.uasset" 354
"../../../Engine/Content/EditorMeshes/Camera/SM_RailRig_Mount.uasset" 355
"../../../Engine/Content/EditorMeshes/Camera/SM_RailRig_Track.uasset" 356
"../../../Engine/Content/EditorResources/BSPVertex.uasset" 357
"../../../Engine/Content/EditorResources/EmptyActor.uasset" 358
"../../../Engine/Content/EditorResources/S_Actor.uasset" 359
"../../../Engine/Content/EditorResources/S_Note.uasset" 360
"../../../Engine/Content/EditorResources/S_Solver.uasset" 361
"../../../Engine/Content/EditorResources/S_Trigger.uasset" 362
"../../../Engine/Content/EditorResources/LightIcons/S_LightError.uasset" 363
"../../../Engine/Content/EditorResources/SequenceRecorder/Countdown.uasset" 364
"../../../Engine/Content/EditorResources/SequenceRecorder/RecordingIndicator.uasset" 365
"../../../Engine/Content/EditorSounds/Notifications/CompileFailed.uasset" 366
"../../../Engine/Content/EditorSounds/Notifications/CompileFailed_Cue.uasset" 367
"../../../Engine/Content/EditorSounds/Notifications/CompileSuccess.uasset" 368
"../../../Engine/Content/EditorSounds/Notifications/CompileStart_Cue.uasset" 369
"../../../Engine/Content/EditorSounds/Notifications/CompileSuccess_Cue.uasset" 370
"../../../Engine/Content/EngineDamageTypes/DmgTypeBP_Environmental.uasset" 371
"../../../Engine/Content/EngineDebugMaterials/DebugEditorMaterial.uasset" 372
"../../../Engine/Content/EngineDebugMaterials/DebugMeshMaterial.uasset" 373
"../../../Engine/Content/EngineDebugMaterials/M_SimpleUnlitTranslucent.uasset" 374
"../../../Engine/Content/Functions/Engine_MaterialFunctions02/Utility/CameraDirectionVector.uasset" 375
"../../../Engine/Content/EngineDebugMaterials/VolumeToRender.uasset" 376
"../../../Engine/Content/EngineDebugMaterials/M_VolumeRenderSphereTracePP.uasset" 377
"../../../Engine/Content/EngineDebugMaterials/WireframeMaterial.uasset" 378
"../../../Engine/Content/EngineFonts/Faces/DroidSansFallback.uasset" 379
"../../../Engine/Content/EngineFonts/Faces/RobotoBoldItalic.uasset" 380
"../../../Engine/Content/EngineFonts/Faces/RobotoLight.uasset" 381
"../../../Engine/Content/EngineFonts/Roboto.uasset" 382
"../../../Engine/Content/EngineMaterials/BaseFlattenDiffuseMap.uasset" 383
"../../../Engine/Content/EngineMaterials/BaseFlattenEmissiveMap.uasset" 384
"../../../Engine/Content/EngineMaterials/BaseFlattenGrayscaleMap.uasset" 385
"../../../Engine/Content/EngineMaterials/BaseFlattenNormalMap.uasset" 386
"../../../Engine/Content/EngineMaterials/BaseFlattenMaterial.uasset" 387
"../../../Engine/Content/EngineMaterials/BlueNoise.uasset" 388
"../../../Engine/Content/EngineMaterials/DefaultBloomKernel.uasset" 389
"../../../Engine/Content/EngineMaterials/DefaultBokeh.uasset" 390
"../../../Engine/Content/EngineMaterials/DefaultDiffuse.uasset" 391
"../../../Engine/Content/EngineMaterials/DefaultDeferredDecalMaterial.uasset" 392
"../../../Engine/Content/EngineMaterials/DefaultLightFunctionMaterial.uasset" 393
"../../../Engine/Content/EngineMaterials/DefaultPhysicalMaterial.uasset" 394
"../../../Engine/Content/Functions/Engine_MaterialFunctions02/Utility/BreakOutFloat2Components.uasset" 395
"../../../Engine/Content/EngineMaterials/DefaultPostProcessMaterial.uasset" 396
"../../../Engine/Content/EngineFonts/RobotoDistanceField.uasset" 397
"../../../Engine/Content/EngineMaterials/DefaultTextMaterialOpaque.uasset" 398
"../../../Engine/Content/EngineMaterials/DefaultWhiteGrid.uasset" 399
"../../../Engine/Content/EngineMaterials/DefaultWhiteGrid_Low.uasset" 400
"../../../Engine/Content/EngineMaterials/EmissiveMeshMaterial.uasset" 401
"../../../Engine/Content/EngineMaterials/GizmoMaterial.uasset" 402
"../../../Engine/Content/EngineMaterials/Good64x64TilingNoiseHighFreq.uasset" 403
"../../../Engine/Content/EngineMaterials/MiniFont.uasset" 404
"../../../Engine/Content/EngineMaterials/InvalidLightmapSettings.uasset" 405
"../../../Engine/Content/EngineMaterials/M_InvalidLightmapSettings.uasset" 406
"../../../Engine/Content/Functions/Engine_MaterialFunctions02/WorldPositionOffset/CameraOffset.uasset" 407
"../../../Engine/Content/EngineMaterials/PhAT_JointLimitMaterial.uasset" 408
"../../../Engine/Content/EngineMaterials/PreintegratedSkinBRDF.uasset" 409
"../../../Engine/Content/EngineMaterials/RemoveSurfaceMaterial.uasset" 410
"../../../Engine/Content/EngineMaterials/WeightMapPlaceholderTexture.uasset" 411
"../../../Engine/Content/EngineResources/WhiteSquareTexture.uasset" 412
"../../../Engine/Content/EngineMaterials/Widget3DPassThrough.uasset" 413
"../../../Engine/Content/EngineMaterials/Widget3DPassThrough_Masked.uasset" 414
"../../../Engine/Content/EngineMaterials/Widget3DPassThrough_Opaque.uasset" 415
"../../../Engine/Content/EngineMaterials/Widget3DPassThrough_Masked_OneSided.uasset" 416
"../../../Engine/Content/EngineMaterials/Widget3DPassThrough_Opaque_OneSided.uasset" 417
"../../../Engine/Content/EngineMaterials/Widget3DPassThrough_Translucent.uasset" 418
"../../../Engine/Content/EngineMaterials/Widget3DPassThrough_Translucent_OneSided.uasset" 419
"../../../Engine/Content/EngineMeshes/Cylinder.uasset" 420
"../../../Engine/Content/EngineMeshes/Sphere.uasset" 421
"../../../Engine/Content/EngineResources/Black.uasset" 422
"../../../Engine/Content/EngineResources/DefaultTexture.uasset" 423
"../../../Engine/Content/EngineResources/DefaultTextureCube.uasset" 424
"../../../Engine/Content/EngineResources/DefaultVolumeTexture2D.uasset" 425
"../../../Engine/Content/EngineResources/DefaultVolumeTexture.uasset" 426
"../../../Engine/Content/EngineResources/GradientTexture0.uasset" 427
"../../../Engine/Content/EngineSounds/Master.uasset" 428
"../../../Engine/Content/Functions/Engine_MaterialFunctions01/Shading/ConvertFromDiffSpec.uasset" 429
"../../../Engine/Content/Functions/Engine_MaterialFunctions01/Shading/PowerToRoughness.uasset" 430
"../../../Engine/Content/Maps/Templates/Thumbnails/Default.uasset" 431
"../../../Engine/Content/Maps/Templates/Thumbnails/TimeOfDay.uasset" 432
"../../../Engine/Content/Maps/Templates/Thumbnails/VR-Basic.uasset" 433
"../../../Engine/Content/MobileResources/T_MobileControls_texture.uasset" 434
"../../../Engine/Content/MobileResources/T_MobileMenu2.uasset" 435
"../../../Engine/Content/MobileResources/HUD/AnalogHat.uasset" 436
"../../../Engine/Content/MobileResources/HUD/VirtualJoystick_Background.uasset" 437
"../../../Engine/Content/MobileResources/HUD/VirtualJoystick_Thumb.uasset" 438
"../../../Engine/Content/MobileResources/HUD/DefaultVirtualJoysticks.uasset" 439
"../../../Engine/Content/MobileResources/HUD/LeftVirtualJoystickOnly.uasset" 440
"../../../Engine/Content/MobileResources/HUD/MobileHUDButton1_off.uasset" 441
"../../../Engine/Content/MobileResources/HUD/MobileHUDButton1_on.uasset" 442
"../../../Engine/Content/MobileResources/HUD/MobileHUDButton2_off.uasset" 443
"../../../Engine/Content/MobileResources/HUD/MobileHUDButton2_on.uasset" 444
"../../../Engine/Content/MobileResources/HUD/MobileHUDButton3.uasset" 445
"../../../Engine/Content/MobileResources/HUD/MobileHUDButtonFire.uasset" 446
"../../../Engine/Content/MobileResources/HUD/MobileHUDDirectionPad.uasset" 447
"../../../Engine/Content/MobileResources/HUD/MobileHUDDirectionPad2.uasset" 448
"../../../Engine/Content/MobileResources/HUD/MobileHUDDirectionPad3.uasset" 449
"../../../Engine/Content/MobileResources/HUD/MobileHUDDirectionStick.uasset" 450
"../../../Engine/Content/MobileResources/HUD/T_Castle_ThumbstickInner.uasset" 451
"../../../Engine/Content/MobileResources/HUD/T_Castle_ThumbstickOutter.uasset" 452
"../../../Engine/Content/Tutorial/ContentIntroCurve.uasset" 453
"../../../Engine/Content/Tutorial/Basics/LevelEditorAttract.uasset" 454
"../../../Engine/Content/Tutorial/Basics/TutorialAssets/icon_tab_Levels_40x.uasset" 455
"../../../Engine/Content/Tutorial/Basics/LevelEditorOverview.uasset" 456
"../../../Engine/Content/Tutorial/BlueprintTutorials/TutorialAssets/Blueprint_64x.uasset" 457
"../../../Engine/Content/Tutorial/BlueprintTutorials/BlueprintEditorTutorial.uasset" 458
"../../../Engine/Content/Tutorial/BlueprintTutorials/LevelBlueprintEditorOverview.uasset" 459
"../../../Engine/Content/Tutorial/Landscape/TutorialAssets/Landscape.uasset" 460
"../../../Engine/Content/Tutorial/Landscape/LandscapeWalkThrough.uasset" 461
"../../../Engine/Content/Tutorial/Landscape/Landscape_Manage_Mode.uasset" 462
"../../../Engine/Content/Tutorial/Landscape/Landscape_Painting_Mode.uasset" 463
"../../../Engine/Content/Tutorial/Landscape/Landscape_Sculpt_Mode.uasset" 464
"../../../Engine/Content/VREditor/LaserPointer/VR_LaserPower_01.uasset" 465
"../../../Engine/Content/VREditor/TransformGizmo/TransformGizmoMaterial.uasset" 466
"../../../Engine/Content/VREditor/TransformGizmo/TranslucentTransformGizmoMaterial.uasset" 467
"../../../Engine/Content/VREditor/TransformGizmo/BoundingBoxCorner.uasset" 468
"../../../Engine/Content/VREditor/TransformGizmo/BoundingBoxEdge.uasset" 469
"../../../Engine/Content/VREditor/TransformGizmo/PlaneTranslationHandle.uasset" 470
"../../../Engine/Content/VREditor/TransformGizmo/Main.uasset" 471
"../../../Engine/Content/VREditor/TransformGizmo/Xray.uasset" 472
"../../../Engine/Content/VREditor/TransformGizmo/SM_Sequencer_Key.uasset" 473
"../../../Engine/Content/VREditor/TransformGizmo/SM_Sequencer_Node.uasset" 474
"../../Plugins/2D/Paper2D/Content/DummySprite.uasset" 475
"../../Plugins/2D/Paper2D/Content/DefaultPaperTerrainMaterial.uasset" 476
"../../Plugins/2D/Paper2D/Content/MaskedUnlitSpriteMaterial.uasset" 477
"../../Plugins/2D/Paper2D/Content/OpaqueUnlitSpriteMaterial.uasset" 478
"../../Plugins/FX/Niagara/Content/Enums/ENiagaraBooleanLogicOps.uasset" 479
"../../Plugins/FX/Niagara/Content/Enums/ENiagaraCoordinateSpace.uasset" 480
"../../Plugins/FX/Niagara/Content/Enums/ENiagaraExpansionMode.uasset" 481
"../../Plugins/FX/Niagara/Content/Enums/ENiagaraOrientationAxis.uasset" 482
"../../Plugins/FX/Niagara/Content/Enums/ENiagaraRandomnessMode.uasset" 483
"../../../Engine/Content/Functions/Engine_MaterialFunctions02/Utility/BreakOutFloat4Components.uasset" 484
"../../../Engine/Content/Functions/Engine_MaterialFunctions02/Utility/MakeFloat2.uasset" 485
"../../../Engine/Content/Functions/Engine_MaterialFunctions02/Utility/MakeFloat3.uasset" 486
"../../Plugins/Runtime/Oculus/OculusVR/Content/Materials/OculusMR_ChromaKey.uasset" 487
"../../Plugins/Runtime/Oculus/OculusVR/Content/Materials/OculusMR_ChromaKey_Lit.uasset" 488
"../../Plugins/Runtime/Oculus/OculusVR/Content/Materials/OculusMR_OpaqueColoredMaterial.uasset" 489
"../../Plugins/Runtime/Oculus/OculusVR/Content/Materials/OculusMR_WhiteMaterial.uasset" 490
"J:/Development/VN-Framework-UE4/Content/VN_Framework/Blueprints/Cameras/Camera1.uasset" 491
"J:/Development/VN-Framework-UE4/Content/VN_Framework/Blueprints/VN_GameMode.uasset" 492
"J:/Development/VN-Framework-UE4/Content/VN_Framework/ArtAssets/2D_BG.uasset" 493
"J:/Development/VN-Framework-UE4/Content/VN_Framework/ArtAssets/2D_BG_sprite.uasset" 494
"J:/Development/VN-Framework-UE4/Content/VN_Framework/Maps/2D_Background.umap" 495
"J:/Development/VN-Framework-UE4/Content/VN_Framework/Blueprints/Cameras/Camera3.uasset" 496
"J:/Development/VN-Framework-UE4/Content/VN_Framework/Maps/Main_Persistent_BuiltData.uasset" 497
"J:/Development/VN-Framework-UE4/Content/VN_Framework/Maps/Main_Persistent.umap" 498
"../../../Engine/Content/EngineSky/C_Sky_Cloud_Color.uasset" 499
"../../../Engine/Content/EngineSky/C_Sky_Horizon_Color.uasset" 500
"../../../Engine/Content/EngineSky/C_Sky_Zenith_Color.uasset" 501
"../../../Engine/Content/EngineSky/T_Sky_Blue.uasset" 502
"../../../Engine/Content/EngineSky/T_Sky_Clouds_M.uasset" 503
"../../../Engine/Content/EngineSky/T_Sky_Stars.uasset" 504
"../../../Engine/Content/EngineSky/M_Sky_Panning_Clouds2.uasset" 505
"../../../Engine/Content/EngineSky/SM_SkySphere.uasset" 506
"../../../Engine/Content/EngineSky/BP_Sky_Sphere.uasset" 507
"J:/Development/VN-Framework-UE4/Content/VN_Framework/Maps/Map2_BuiltData.uasset" 508
"J:/Development/VN-Framework-UE4/Content/VN_Framework/ArtAssets/Materials/MaterialBlack.uasset" 509
"J:/Development/VN-Framework-UE4/Content/VN_Framework/ArtAssets/Materials/MaterialPurple.uasset" 510
"../../../Engine/Content/MapTemplates/SM_Template_Map_Floor.uasset" 511
"J:/Development/VN-Framework-UE4/Content/VN_Framework/Maps/Map2.umap" 512
"J:/Development/VN-Framework-UE4/Content/VN_Framework/ArtAssets/Characters/WorldSprite_MC.uasset" 513
"J:/Development/VN-Framework-UE4/Content/VN_Framework/ArtAssets/Characters/WorldSprite_MC_Sprite.uasset" 514
"J:/Development/VN-Framework-UE4/Content/VN_Framework/Blueprints/Touch-Click_BPs/Char_Click_BP.uasset" 515
"J:/Development/VN-Framework-UE4/Content/VN_Framework/ArtAssets/UI/spr_GUI_window.uasset" 516
"J:/Development/VN-Framework-UE4/Content/VN_Framework/ArtAssets/UI/spr_GUI_window_Sprite.uasset" 517
"J:/Development/VN-Framework-UE4/Content/VN_Framework/Blueprints/Widgets/WD_SignText.uasset" 518
"J:/Development/VN-Framework-UE4/Content/VN_Framework/Blueprints/Touch-Click_BPs/Sign_BPs/Signs_Main_Parent.uasset" 519
"J:/Development/VN-Framework-UE4/Content/VN_Framework/Blueprints/Touch-Click_BPs/Sign_BPs/Scene_Levels.uasset" 520
"J:/Development/VN-Framework-UE4/Content/VN_Framework/Blueprints/Touch-Click_BPs/Sign_BPs/Sign_2D_Bg.uasset" 521
"J:/Development/VN-Framework-UE4/Content/VN_Framework/Blueprints/Touch-Click_BPs/Sign_BPs/Sign_BranchingScenes.uasset" 522
"J:/Development/VN-Framework-UE4/Content/VN_Framework/Blueprints/Touch-Click_BPs/Sign_BPs/Sign_CyclingChoice.uasset" 523
"J:/Development/VN-Framework-UE4/Content/VN_Framework/Blueprints/Touch-Click_BPs/Sign_BPs/Sign_LaunchScenes.uasset" 524
"J:/Development/VN-Framework-UE4/Content/VN_Framework/Blueprints/Touch-Click_BPs/Sign_BPs/Sign_NVL.uasset" 525
"J:/Development/VN-Framework-UE4/Content/VN_Framework/Blueprints/Touch-Click_BPs/Sign_BPs/Sign_RichText.uasset" 526
"J:/Development/VN-Framework-UE4/Content/VN_Framework/Blueprints/Touch-Click_BPs/Sign_BPs/Sign_SceneDatatables.uasset" 527
"J:/Development/VN-Framework-UE4/Content/VN_Framework/Blueprints/Touch-Click_BPs/Sign_BPs/Sign_SceneDefine.uasset" 528
"J:/Development/VN-Framework-UE4/Content/VN_Framework/Blueprints/Touch-Click_BPs/Sign_BPs/Sign_SpecialEffects.uasset" 529
"J:/Development/VN-Framework-UE4/Content/VN_Framework/Blueprints/Touch-Click_BPs/Sign_BPs/Signs_CharCreate.uasset" 530
"J:/Development/VN-Framework-UE4/Content/VN_Framework/Maps/TutorialMap_BuiltData.uasset" 531
"J:/Development/VN-Framework-UE4/Content/VN_Framework/Maps/TutorialMap.umap" 532
"../../../Engine/Content/Maps/Entry_BuiltData.uasset" 533
"../../../Engine/Content/Maps/Entry.umap" 534
